Build started 9/30/2015 4:36:54 PM.
     1>Project "C:\Users\qiushi\OneDrive\2nd semester\CS631\midterm\code\ls_in_vs\ls_in_vs.vcxproj" on node 2 (Build target(s)).
     1>ClCompile:
         C:\Program Files (x86)\Microsoft Visual Studio 12.0\VC\bin\CL.exe /c /ZI /nologo /W3 /WX- /sdl /Od /Oy- /D _MBCS /Gm /EHsc /RTC1 /MDd /GS /fp:precise /Zc:wchar_t /Zc:forScope /Fo"Debug\\" /Fd"Debug\vc120.pdb" /Gd /TC /analyze- /errorReport:prompt ls.c
         ls.c
     1>c:\users\qiushi\onedrive\2nd semester\cs631\midterm\code\ls_in_vs\dirent.h(4): error C2065: 'MAX_PATH' : undeclared identifier
     1>c:\users\qiushi\onedrive\2nd semester\cs631\midterm\code\ls_in_vs\dirent.h(4): error C2057: expected constant expression
     1>c:\users\qiushi\onedrive\2nd semester\cs631\midterm\code\ls_in_vs\dirent.h(7): error C2061: syntax error : identifier 'WIN32_FIND_DATA'
     1>c:\users\qiushi\onedrive\2nd semester\cs631\midterm\code\ls_in_vs\dirent.h(8): error C2059: syntax error : '}'
     1>c:\users\qiushi\onedrive\2nd semester\cs631\midterm\code\ls_in_vs\dirent.h(13): error C2016: C requires that a struct or union has at least one member
     1>c:\users\qiushi\onedrive\2nd semester\cs631\midterm\code\ls_in_vs\dirent.h(13): error C2061: syntax error : identifier 'dirent'
     1>c:\users\qiushi\onedrive\2nd semester\cs631\midterm\code\ls_in_vs\dirent.h(19): error C2061: syntax error : identifier 'search_handle'
     1>c:\users\qiushi\onedrive\2nd semester\cs631\midterm\code\ls_in_vs\dirent.h(19): error C2059: syntax error : ';'
     1>c:\users\qiushi\onedrive\2nd semester\cs631\midterm\code\ls_in_vs\dirent.h(22): error C2061: syntax error : identifier 'patt'
     1>c:\users\qiushi\onedrive\2nd semester\cs631\midterm\code\ls_in_vs\dirent.h(22): error C2059: syntax error : ';'
     1>c:\users\qiushi\onedrive\2nd semester\cs631\midterm\code\ls_in_vs\dirent.h(22): error C2337: 'MAX_PATH' : attribute not found
     1>c:\users\qiushi\onedrive\2nd semester\cs631\midterm\code\ls_in_vs\dirent.h(22): error C2143: syntax error : missing ']' before '+'
     1>c:\users\qiushi\onedrive\2nd semester\cs631\midterm\code\ls_in_vs\dirent.h(23): error C2059: syntax error : '}'
     1>c:\users\qiushi\onedrive\2nd semester\cs631\midterm\code\ls_in_vs\dirent.h(26): error C2143: syntax error : missing '{' before '*'
     1>c:\users\qiushi\onedrive\2nd semester\cs631\midterm\code\ls_in_vs\dirent.h(27): error C2143: syntax error : missing ')' before '*'
     1>c:\users\qiushi\onedrive\2nd semester\cs631\midterm\code\ls_in_vs\dirent.h(27): error C2143: syntax error : missing '{' before '*'
     1>c:\users\qiushi\onedrive\2nd semester\cs631\midterm\code\ls_in_vs\dirent.h(27): error C2059: syntax error : ')'
     1>c:\users\qiushi\onedrive\2nd semester\cs631\midterm\code\ls_in_vs\dirent.h(28): error C2143: syntax error : missing ')' before '*'
     1>c:\users\qiushi\onedrive\2nd semester\cs631\midterm\code\ls_in_vs\dirent.h(28): error C2143: syntax error : missing '{' before '*'
     1>c:\users\qiushi\onedrive\2nd semester\cs631\midterm\code\ls_in_vs\dirent.h(28): error C2059: syntax error : ')'
     1>c:\users\qiushi\onedrive\2nd semester\cs631\midterm\code\ls_in_vs\dirent.h(44): error C2143: syntax error : missing '{' before '*'
     1>c:\users\qiushi\onedrive\2nd semester\cs631\midterm\code\ls_in_vs\dirent.h(48): error C2065: 'DIR' : undeclared identifier
     1>c:\users\qiushi\onedrive\2nd semester\cs631\midterm\code\ls_in_vs\dirent.h(48): error C2297: '*' : illegal, right operand has type 'int *'
     1>c:\users\qiushi\onedrive\2nd semester\cs631\midterm\code\ls_in_vs\dirent.h(49): warning C4013: 'assert' undefined; assuming extern returning int
     1>c:\users\qiushi\onedrive\2nd semester\cs631\midterm\code\ls_in_vs\dirent.h(50): error C2065: 'MAX_PATH' : undeclared identifier
     1>c:\users\qiushi\onedrive\2nd semester\cs631\midterm\code\ls_in_vs\dirent.h(50): warning C4018: '<' : signed/unsigned mismatch
     1>c:\users\qiushi\onedrive\2nd semester\cs631\midterm\code\ls_in_vs\dirent.h(53): error C2065: 'DIR' : undeclared identifier
     1>c:\users\qiushi\onedrive\2nd semester\cs631\midterm\code\ls_in_vs\dirent.h(53): error C2059: syntax error : ')'
     1>c:\users\qiushi\onedrive\2nd semester\cs631\midterm\code\ls_in_vs\dirent.h(55): error C2065: 'TCHAR' : undeclared identifier
     1>c:\users\qiushi\onedrive\2nd semester\cs631\midterm\code\ls_in_vs\dirent.h(55): error C2065: 'p' : undeclared identifier
     1>c:\users\qiushi\onedrive\2nd semester\cs631\midterm\code\ls_in_vs\dirent.h(55): warning C4552: '*' : operator has no effect; expected operator with side-effect
     1>c:\users\qiushi\onedrive\2nd semester\cs631\midterm\code\ls_in_vs\dirent.h(81): error C2223: left of '->patt' must point to struct/union
     1>c:\users\qiushi\onedrive\2nd semester\cs631\midterm\code\ls_in_vs\dirent.h(81): warning C4090: 'function' : different 'const' qualifiers
     1>c:\users\qiushi\onedrive\2nd semester\cs631\midterm\code\ls_in_vs\dirent.h(81): error C2198: 'strncpy_s' : too few arguments for call
     1>c:\users\qiushi\onedrive\2nd semester\cs631\midterm\code\ls_in_vs\dirent.h(82): error C2223: left of '->patt' must point to struct/union
     1>c:\users\qiushi\onedrive\2nd semester\cs631\midterm\code\ls_in_vs\dirent.h(82): error C2065: 'MAX_PATH' : undeclared identifier
     1>c:\users\qiushi\onedrive\2nd semester\cs631\midterm\code\ls_in_vs\dirent.h(85): error C2065: 'p' : undeclared identifier
     1>c:\users\qiushi\onedrive\2nd semester\cs631\midterm\code\ls_in_vs\dirent.h(85): error C2223: left of '->patt' must point to struct/union
     1>c:\users\qiushi\onedrive\2nd semester\cs631\midterm\code\ls_in_vs\dirent.h(85): error C2198: 'strchr' : too few arguments for call
     1>c:\users\qiushi\onedrive\2nd semester\cs631\midterm\code\ls_in_vs\dirent.h(85): warning C4047: '=' : 'int' differs in levels of indirection from 'char *'
     1>c:\users\qiushi\onedrive\2nd semester\cs631\midterm\code\ls_in_vs\dirent.h(86): error C2223: left of '->patt' must point to struct/union
     1>c:\users\qiushi\onedrive\2nd semester\cs631\midterm\code\ls_in_vs\dirent.h(86): error C2065: 'p' : undeclared identifier
     1>c:\users\qiushi\onedrive\2nd semester\cs631\midterm\code\ls_in_vs\dirent.h(86): error C2100: illegal indirection
     1>c:\users\qiushi\onedrive\2nd semester\cs631\midterm\code\ls_in_vs\dirent.h(87): error C2065: 'p' : undeclared identifier
     1>c:\users\qiushi\onedrive\2nd semester\cs631\midterm\code\ls_in_vs\dirent.h(87): error C2100: illegal indirection
     1>c:\users\qiushi\onedrive\2nd semester\cs631\midterm\code\ls_in_vs\dirent.h(87): error C2106: '=' : left operand must be l-value
     1>c:\users\qiushi\onedrive\2nd semester\cs631\midterm\code\ls_in_vs\dirent.h(89): error C2065: 'p' : undeclared identifier
     1>c:\users\qiushi\onedrive\2nd semester\cs631\midterm\code\ls_in_vs\dirent.h(89): error C2100: illegal indirection
     1>c:\users\qiushi\onedrive\2nd semester\cs631\midterm\code\ls_in_vs\dirent.h(89): error C2106: '=' : left operand must be l-value
     1>c:\users\qiushi\onedrive\2nd semester\cs631\midterm\code\ls_in_vs\dirent.h(90): error C2065: 'p' : undeclared identifier
     1>c:\users\qiushi\onedrive\2nd semester\cs631\midterm\code\ls_in_vs\dirent.h(90): error C2100: illegal indirection
     1>c:\users\qiushi\onedrive\2nd semester\cs631\midterm\code\ls_in_vs\dirent.h(95): error C2223: left of '->search_handle' must point to struct/union
     1>c:\users\qiushi\onedrive\2nd semester\cs631\midterm\code\ls_in_vs\dirent.h(95): warning C4013: 'FindFirstFile' undefined; assuming extern returning int
     1>c:\users\qiushi\onedrive\2nd semester\cs631\midterm\code\ls_in_vs\dirent.h(95): error C2223: left of '->patt' must point to struct/union
     1>c:\users\qiushi\onedrive\2nd semester\cs631\midterm\code\ls_in_vs\dirent.h(95): error C2223: left of '->current' must point to struct/union
     1>c:\users\qiushi\onedrive\2nd semester\cs631\midterm\code\ls_in_vs\dirent.h(96): error C2223: left of '->search_handle' must point to struct/union
     1>c:\users\qiushi\onedrive\2nd semester\cs631\midterm\code\ls_in_vs\dirent.h(96): error C2065: 'INVALID_HANDLE_VALUE' : undeclared identifier
     1>c:\users\qiushi\onedrive\2nd semester\cs631\midterm\code\ls_in_vs\dirent.h(103): error C2223: left of '->cached' must point to struct/union
     1>c:\users\qiushi\onedrive\2nd semester\cs631\midterm\code\ls_in_vs\dirent.h(119): error C2143: syntax error : missing ')' before '*'
     1>c:\users\qiushi\onedrive\2nd semester\cs631\midterm\code\ls_in_vs\dirent.h(119): error C2143: syntax error : missing '{' before '*'
     1>c:\users\qiushi\onedrive\2nd semester\cs631\midterm\code\ls_in_vs\dirent.h(119): error C2059: syntax error : ')'
     1>c:\users\qiushi\onedrive\2nd semester\cs631\midterm\code\ls_in_vs\dirent.h(120): error C2054: expected '(' to follow 'dirp'
     1>c:\users\qiushi\onedrive\2nd semester\cs631\midterm\code\ls_in_vs\dirent.h(177): error C2143: syntax error : missing ')' before '*'
     1>c:\users\qiushi\onedrive\2nd semester\cs631\midterm\code\ls_in_vs\dirent.h(177): error C2143: syntax error : missing '{' before '*'
     1>c:\users\qiushi\onedrive\2nd semester\cs631\midterm\code\ls_in_vs\dirent.h(177): error C2059: syntax error : ')'
     1>c:\users\qiushi\onedrive\2nd semester\cs631\midterm\code\ls_in_vs\dirent.h(178): error C2054: expected '(' to follow 'dirp'
     1>c:\users\qiushi\onedrive\2nd semester\cs631\midterm\code\ls_in_vs\ls.c(112): warning C4020: 'initial_flag' : too many actual parameters
     1>c:\users\qiushi\onedrive\2nd semester\cs631\midterm\code\ls_in_vs\ls.c(115): warning C4013: 'setprogname' undefined; assuming extern returning int
     1>c:\users\qiushi\onedrive\2nd semester\cs631\midterm\code\ls_in_vs\ls.c(116): warning C4013: 'getopt' undefined; assuming extern returning int
     1>c:\users\qiushi\onedrive\2nd semester\cs631\midterm\code\ls_in_vs\ls.c(160): error C2059: syntax error : 'break'
     1>c:\users\qiushi\onedrive\2nd semester\cs631\midterm\code\ls_in_vs\ls.c(207): warning C4029: declared formal parameter list different from definition
     1>c:\users\qiushi\onedrive\2nd semester\cs631\midterm\code\ls_in_vs\ls.c(211): warning C4013: 'getuid' undefined; assuming extern returning int
     1>Done Building Project "C:\Users\qiushi\OneDrive\2nd semester\CS631\midterm\code\ls_in_vs\ls_in_vs.vcxproj" (Build target(s)) -- FAILED.

Build FAILED.

Time Elapsed 00:00:00.56
